<?xml version="1.0" encoding="UTF-8"?>
<!-- Generated by org.testng.reporters.JUnitReportReporter -->
<testsuite hostname="DESKTOP-SDLN166" failures="0" tests="2" name="com.rsa.qa.tests.AmazonLandPageTest" time="67.925" errors="0" timestamp="2022-04-01T18:17:28 IST" skipped="0">
  <testcase classname="com.rsa.qa.tests.AmazonLandPageTest" name="getTitleTest" time="32.759"/>
  <system-out/>
  <testcase classname="com.rsa.qa.tests.AmazonLandPageTest" name="clickAccListTest" time="35.166"/>
  <system-out/>
</testsuite> <!-- com.rsa.qa.tests.AmazonLandPageTest -->
