<?xml version="1.0" encoding="UTF-8"?>
<!-- Generated by org.testng.reporters.JUnitReportReporter -->
<testsuite hostname="DESKTOP-SDLN166" failures="0" tests="3" name="com.rsa.qa.tests.LoginHomePageTest" time="120.123" errors="0" timestamp="2022-03-29T16:29:18 IST" skipped="0">
  <testcase classname="com.rsa.qa.tests.LoginHomePageTest" name="getTitleTest" time="62.043"/>
  <system-out/>
  <testcase classname="com.rsa.qa.tests.LoginHomePageTest" name="getLogoTest" time="24.463"/>
  <system-out/>
  <testcase classname="com.rsa.qa.tests.LoginHomePageTest" name="clickLoginBtnTest" time="33.617"/>
  <system-out/>
</testsuite> <!-- com.rsa.qa.tests.LoginHomePageTest -->
