<?xml version="1.0" encoding="UTF-8"?>
<!-- Generated by org.testng.reporters.JUnitReportReporter -->
<testsuite hostname="DESKTOP-SDLN166" failures="0" tests="1" name="com.rsa.qa.tests.CartPageTest" time="18.131" errors="0" timestamp="2022-04-01T17:44:56 IST" skipped="0">
  <testcase classname="com.rsa.qa.tests.CartPageTest" name="VegItemsTest" time="18.131"/>
  <system-out/>
</testsuite> <!-- com.rsa.qa.tests.CartPageTest -->
