<?xml version="1.0" encoding="UTF-8"?>
<!-- Generated by org.testng.reporters.JUnitReportReporter -->
<testsuite hostname="DESKTOP-SDLN166" failures="0" tests="1" name="com.rsa.qa.tests.PracticeDynamicTableTest" time="27.505" errors="0" timestamp="2022-04-07T13:27:31 IST" skipped="0">
  <testcase classname="com.rsa.qa.tests.PracticeDynamicTableTest" name="test" time="27.505"/>
  <system-out/>
</testsuite> <!-- com.rsa.qa.tests.PracticeDynamicTableTest -->
